{"C:\\Users\\user\\Desktop\\testing-express\\src\\app.js": {"path":"C:\\Users\\user\\Desktop\\testing-express\\src\\app.js","statementMap":{"0":{"start":{"line":11,"column":0},"end":{"line":11,"column":16}},"1":{"start":{"line":14,"column":12},"end":{"line":14,"column":21}},"2":{"start":{"line":15,"column":0},"end":{"line":15,"column":16}},"3":{"start":{"line":17,"column":0},"end":{"line":17,"column":23}},"4":{"start":{"line":19,"column":0},"end":{"line":19,"column":27}},"5":{"start":{"line":20,"column":0},"end":{"line":20,"column":52}},"6":{"start":{"line":21,"column":0},"end":{"line":21,"column":16}},"7":{"start":{"line":23,"column":0},"end":{"line":25,"column":4}},"8":{"start":{"line":23,"column":27},"end":{"line":25,"column":2}},"9":{"start":{"line":27,"column":13},"end":{"line":27,"column":37}},"10":{"start":{"line":29,"column":0},"end":{"line":31,"column":3}},"11":{"start":{"line":30,"column":2},"end":{"line":30,"column":43}}},"fnMap":{"0":{"name":"(anonymous_0)","decl":{"start":{"line":23,"column":13},"end":{"line":23,"column":14}},"loc":{"start":{"line":23,"column":27},"end":{"line":25,"column":2}},"line":23},"1":{"name":"(anonymous_1)","decl":{"start":{"line":29,"column":17},"end":{"line":29,"column":18}},"loc":{"start":{"line":29,"column":23},"end":{"line":31,"column":1}},"line":29}},"branchMap":{"0":{"loc":{"start":{"line":27,"column":13},"end":{"line":27,"column":37}},"type":"binary-expr","locations":[{"start":{"line":27,"column":13},"end":{"line":27,"column":29}},{"start":{"line":27,"column":33},"end":{"line":27,"column":37}}],"line":27}},"s":{"0":1,"1":1,"2":1,"3":1,"4":1,"5":1,"6":1,"7":1,"8":0,"9":1,"10":1,"11":1},"f":{"0":0,"1":1},"b":{"0":[1,1]},"_coverageSchema":"1a1c01bbd47fc00a2c39e90264f33305004495a9","hash":"b0e69cf3307d8f9e214c9818fe6e7d6bcb451ca3"}
,"C:\\Users\\user\\Desktop\\testing-express\\src\\controllers\\bus.js": {"path":"C:\\Users\\user\\Desktop\\testing-express\\src\\controllers\\bus.js","statementMap":{"0":{"start":{"line":10,"column":16},"end":{"line":10,"column":53}}},"fnMap":{"0":{"name":"(anonymous_0)","decl":{"start":{"line":7,"column":4},"end":{"line":7,"column":5}},"loc":{"start":{"line":7,"column":37},"end":{"line":16,"column":5}},"line":7}},"branchMap":{},"s":{"0":1},"f":{"0":1},"b":{},"_coverageSchema":"1a1c01bbd47fc00a2c39e90264f33305004495a9","hash":"9089ba02854819a46333bfafe41b77ef699abc3e"}
,"C:\\Users\\user\\Desktop\\testing-express\\src\\routes\\bus.js": {"path":"C:\\Users\\user\\Desktop\\testing-express\\src\\routes\\bus.js","statementMap":{"0":{"start":{"line":4,"column":14},"end":{"line":4,"column":30}},"1":{"start":{"line":6,"column":0},"end":{"line":6,"column":40}}},"fnMap":{},"branchMap":{},"s":{"0":1,"1":1},"f":{},"b":{},"_coverageSchema":"1a1c01bbd47fc00a2c39e90264f33305004495a9","hash":"4d0317ffb2d174db04253ef9f0031082819adcff"}
,"C:\\Users\\user\\Desktop\\testing-express\\src\\routes\\index.js": {"path":"C:\\Users\\user\\Desktop\\testing-express\\src\\routes\\index.js","statementMap":{"0":{"start":{"line":4,"column":15},"end":{"line":4,"column":31}},"1":{"start":{"line":6,"column":0},"end":{"line":6,"column":28}}},"fnMap":{},"branchMap":{},"s":{"0":1,"1":1},"f":{},"b":{},"_coverageSchema":"1a1c01bbd47fc00a2c39e90264f33305004495a9","hash":"783dde8c927c3c2c5513116ac58b1f4004516070"}
}
